Start testing: Sep 16 09:26 Coordinated Universal Time
----------------------------------------------------------
4/2323 Testing: crexx_contract_installed_consumer
4/2323 Test: crexx_contract_installed_consumer
Command: "C:/Program Files/CMake/bin/cmake.exe" "-DCREXX_BUILD=D:/a/_temp/qualification" "-DCREXX_SOURCE=D:/a/CREXX/CREXX" "-DCONTRACT_TOOL_FILE_NAME=crexx-contract.exe" "-DEXTERNAL_SOURCE=D:/a/CREXX/CREXX/contract/tests/external" "-DEXTERNAL_GOLDEN=D:/a/CREXX/CREXX/contract/tests/external/external_operation.rxcontract.json" "-DWORK=D:/a/_temp/qualification/contract/tests/installed-consumer" "-P" "D:/a/CREXX/CREXX/contract/tests/installed_consumer.cmake"
Directory: D:/a/_temp/qualification/contract/tests
"crexx_contract_installed_consumer" start time: Sep 16 09:26 Coordinated Universal Time
Output:
----------------------------------------------------------
<end of output>
Test time =   5.65 sec
----------------------------------------------------------
Test Passed.
"crexx_contract_installed_consumer" end time: Sep 16 09:26 Coordinated Universal Time
"crexx_contract_installed_consumer" time elapsed: 00:00:05
----------------------------------------------------------

2210/2323 Testing: rxpa_external_sdk_consumer
2210/2323 Test: rxpa_external_sdk_consumer
Command: "C:/Program Files/CMake/bin/cmake.exe" "-DCREXX_BUILD_DIR=D:/a/_temp/qualification" "-DCREXX_VERSION=1.0.0-beta.3+nightly.gf10e70ee5f12" "-DCREXX_VERSION_CORE=1.0.0" "-DCREXX_VERSION_DISPLAY=crexx-1.0.0-beta.3+nightly.gf10e70ee5f12" "-DCREXX_SOURCE_DIR=D:/a/CREXX/CREXX" "-DCMAKE_GENERATOR_NAME=Ninja" "-DEXE_SUFFIX=.exe" "-DSTATIC_SUFFIX=.lib" "-DPACKAGE_RELATIVE_DIR=lib/cmake/CREXX" "-DCONSUMER_SOURCE_DIR=D:/a/CREXX/CREXX/tests/rxpa/external_sdk" "-DWORK_ROOT=D:/a/_temp/qualification/tests/rxpa/rxpa_external_sdk_consumer_ws" "-P" "D:/a/CREXX/CREXX/tests/rxpa/rxpa_external_sdk_consumer.cmake"
Directory: D:/a/_temp/qualification/tests/rxpa
"rxpa_external_sdk_consumer" start time: Sep 16 09:26 Coordinated Universal Time
Output:
----------------------------------------------------------
-- CRI-07 scratch SDK manifest: D:/a/_temp/qualification/tests/rxpa/rxpa_external_sdk_consumer_ws/artifact-manifest.txt
<end of output>
Test time =  29.31 sec
----------------------------------------------------------
Test Passed.
"rxpa_external_sdk_consumer" end time: Sep 16 09:26 Coordinated Universal Time
"rxpa_external_sdk_consumer" time elapsed: 00:00:29
----------------------------------------------------------

2219/2323 Testing: rcc_provider_package_names
2219/2323 Test: rcc_provider_package_names
Command: "C:/Program Files/CMake/bin/cmake.exe" "-DPROVIDER_DIR=D:/a/_temp/qualification/tests/rxpa/providers" "-DPROVIDER_ID=rx_rcc_provider" "-DSTATIC_SUFFIX=.lib" "-P" "D:/a/CREXX/CREXX/tests/rxpa/check_provider_package_names.cmake"
Directory: D:/a/_temp/qualification/tests/rxpa
"rcc_provider_package_names" start time: Sep 16 09:26 Coordinated Universal Time
Output:
----------------------------------------------------------
<end of output>
Test time =   0.02 sec
----------------------------------------------------------
Test Passed.
"rcc_provider_package_names" end time: Sep 16 09:26 Coordinated Universal Time
"rcc_provider_package_names" time elapsed: 00:00:00
----------------------------------------------------------

End testing: Sep 16 09:26 Coordinated Universal Time

contract =   5.65 sec*proc

crexx-rag =  29.31 sec*proc

external-consumer =  34.96 sec*proc

hash =  29.31 sec*proc

install =  34.96 sec*proc

native =  29.31 sec*proc

package =  29.33 sec*proc

packed =  29.31 sec*proc

provider =   0.02 sec*proc

qualification =  34.98 sec*proc

rcc-5d =  29.31 sec*proc

rcc-5e =  29.31 sec*proc

rcc-5f =  29.31 sec*proc

rxpa =  29.33 sec*proc

sqlite =  29.31 sec*proc

stats =  29.31 sec*proc

vector =  29.31 sec*proc

