Start testing: Sep 15 18:52 UTC
----------------------------------------------------------
6/2530 Testing: crexx_contract_installed_consumer
6/2530 Test: crexx_contract_installed_consumer
Command: "/opt/homebrew/bin/cmake" "-DCREXX_BUILD=/Users/runner/work/_temp/qualification" "-DCREXX_SOURCE=/Users/runner/work/CREXX/CREXX" "-DCONTRACT_TOOL_FILE_NAME=crexx-contract" "-DEXTERNAL_SOURCE=/Users/runner/work/CREXX/CREXX/contract/tests/external" "-DEXTERNAL_GOLDEN=/Users/runner/work/CREXX/CREXX/contract/tests/external/external_operation.rxcontract.json" "-DWORK=/Users/runner/work/_temp/qualification/contract/tests/installed-consumer" "-P" "/Users/runner/work/CREXX/CREXX/contract/tests/installed_consumer.cmake"
Directory: /Users/runner/work/_temp/qualification/contract/tests
"crexx_contract_installed_consumer" start time: Sep 15 18:52 UTC
Output:
----------------------------------------------------------
<end of output>
Test time =   3.05 sec
----------------------------------------------------------
Test Passed.
"crexx_contract_installed_consumer" end time: Sep 15 18:52 UTC
"crexx_contract_installed_consumer" time elapsed: 00:00:03
----------------------------------------------------------

1738/2530 Testing: rxllama_release_package_smoke
1738/2530 Test: rxllama_release_package_smoke
Command: "/Users/runner/hostedtoolcache/Python/3.12.10/arm64/bin/python3.12" "/Users/runner/work/CREXX/CREXX/tests/native-inference/release_smoke.py" "--build" "/Users/runner/work/_temp/qualification" "--source" "/Users/runner/work/CREXX/CREXX" "--helper" "/Users/runner/work/_temp/qualification/lib/plugins/llama/tests/rxllama_release_engine_smoke" "--output-root" "/Users/runner/work/_temp/qualification/lib/plugins/llama/tests/release-smoke"
Directory: /Users/runner/work/_temp/qualification/lib/plugins/llama
"rxllama_release_package_smoke" start time: Sep 15 18:52 UTC
Output:
----------------------------------------------------------
SMOKE_RECORD=/Users/runner/work/_temp/qualification/lib/plugins/llama/tests/release-smoke/release-smoke-mg_a3w00
PASS: stage-guides
PASS: engine
PASS: altered-backend-rejected
PASS: missing-manifest-rejected
PASS: opt-compile
PASS: opt-assemble
PASS: opt-link
PASS: opt-rxvm
PASS: opt-rxtvm
PASS: noopt-compile
PASS: noopt-assemble
PASS: noopt-link
PASS: noopt-rxvm
PASS: noopt-rxtvm
PASS: native-build
PASS: relocated-native
<end of output>
Test time = 117.86 sec
----------------------------------------------------------
Test Passed.
"rxllama_release_package_smoke" end time: Sep 15 18:54 UTC
"rxllama_release_package_smoke" time elapsed: 00:01:57
----------------------------------------------------------

2401/2530 Testing: rxpa_external_sdk_consumer
2401/2530 Test: rxpa_external_sdk_consumer
Command: "/opt/homebrew/bin/cmake" "-DCREXX_BUILD_DIR=/Users/runner/work/_temp/qualification" "-DCREXX_VERSION=1.0.0-beta.3+nightly.gcabc668cf242" "-DCREXX_VERSION_CORE=1.0.0" "-DCREXX_VERSION_DISPLAY=crexx-1.0.0-beta.3+nightly.gcabc668cf242" "-DCREXX_SOURCE_DIR=/Users/runner/work/CREXX/CREXX" "-DCMAKE_GENERATOR_NAME=Ninja" "-DEXE_SUFFIX=" "-DSTATIC_SUFFIX=.a" "-DPACKAGE_RELATIVE_DIR=lib/cmake/CREXX" "-DCONSUMER_SOURCE_DIR=/Users/runner/work/CREXX/CREXX/tests/rxpa/external_sdk" "-DWORK_ROOT=/Users/runner/work/_temp/qualification/tests/rxpa/rxpa_external_sdk_consumer_ws" "-P" "/Users/runner/work/CREXX/CREXX/tests/rxpa/rxpa_external_sdk_consumer.cmake"
Directory: /Users/runner/work/_temp/qualification/tests/rxpa
"rxpa_external_sdk_consumer" start time: Sep 15 18:54 UTC
Output:
----------------------------------------------------------
-- CRI-07 scratch SDK manifest: /Users/runner/work/_temp/qualification/tests/rxpa/rxpa_external_sdk_consumer_ws/artifact-manifest.txt
<end of output>
Test time =  19.09 sec
----------------------------------------------------------
Test Passed.
"rxpa_external_sdk_consumer" end time: Sep 15 18:54 UTC
"rxpa_external_sdk_consumer" time elapsed: 00:00:19
----------------------------------------------------------

2410/2530 Testing: rcc_provider_package_names
2410/2530 Test: rcc_provider_package_names
Command: "/opt/homebrew/bin/cmake" "-DPROVIDER_DIR=/Users/runner/work/_temp/qualification/tests/rxpa/providers" "-DPROVIDER_ID=rx_rcc_provider" "-DSTATIC_SUFFIX=.a" "-P" "/Users/runner/work/CREXX/CREXX/tests/rxpa/check_provider_package_names.cmake"
Directory: /Users/runner/work/_temp/qualification/tests/rxpa
"rcc_provider_package_names" start time: Sep 15 18:54 UTC
Output:
----------------------------------------------------------
<end of output>
Test time =   0.01 sec
----------------------------------------------------------
Test Passed.
"rcc_provider_package_names" end time: Sep 15 18:54 UTC
"rcc_provider_package_names" time elapsed: 00:00:00
----------------------------------------------------------

End testing: Sep 15 18:54 UTC

contract =   3.05 sec*proc

crexx-rag =  19.09 sec*proc

external-consumer =  22.14 sec*proc

hash =  19.09 sec*proc

install =  22.14 sec*proc

library = 117.86 sec*proc

llama = 117.86 sec*proc

native =  19.09 sec*proc

package =  19.10 sec*proc

packed =  19.09 sec*proc

provider =   0.01 sec*proc

qualification = 140.02 sec*proc

rcc-5d =  19.09 sec*proc

rcc-5e =  19.09 sec*proc

rcc-5f =  19.09 sec*proc

rxpa = 136.96 sec*proc

sqlite =  19.09 sec*proc

stats =  19.09 sec*proc

vector =  19.09 sec*proc

