* cREXX Assembler Test Suite - Common

.globals=2
g0 .expose=tests.success
g1 .expose=tests.failure

main()         .locals=2
    say "cREXX Assembler Test Suite - Common - Version cREXX F0031"
    
    * Zero result count
    load g0,0
    load g1,0
    
    * Run Tests
    call test_seq()
    call test_sne()
    
    * Print Results
    iadd r0, g0, g1
    itos r0
    load r1,"tests run"
    sconcat r1,r0,r1
    say r1
    brt failures, g1
    
    * No failures
    say "Success"
    ret 0
    
failures:      * There were failures
    itos g1
    load r0,"***"
    sconcat r1,r0,g1
    load r0,"tests failed ***"
    sconcat r1,r1,r0
    say r1
    ret 1

expect_true()  .locals=0
    brt expect_true_ok,a1
    iadd g1,g1,1 * Failure
    say " FAILED"
    ret
expect_true_ok:
    iadd g0,g0,1 * Success
    say " ok"
    ret

expect_false() .locals=0
    brf expect_false_ok,a1
    iadd g1,g1,1 * Failure
    say " FAILED"
    ret
expect_false_ok:
    iadd g0,g0,1 * Success
    say " ok"
    ret

* Tests

test_seq()     .locals=5
    load r3,1 * One argument when calling expect_true/false
    say "Testing seq #1 ..."
    load r1,"abcdefg"
    load r2,"abcdefg"
    seq r4,r1,r2
    call r0,expect_true(),r3
    say "Testing seq #2 ..."
    load r2,"abcdefh"
    seq r4,r1,r2
    call r0,expect_false(),r3
    say "Testing seq #3 ..."
    seq r4,r1,"abcdefg"
    call r0,expect_true(),r3
    say "Testing seq #4 ..."
    seq r4,r1,"abcdefgh"
    call r0,expect_false(),r3
    say "Testing seq #5 ..."
    seq r4,r1,"abcdefh"
    call r0,expect_false(),r3
    ret

test_sne()     .locals=5
    load r3,1 * One argument when calling expect_true/false
    say "Testing sne #1 ..."
    load r1,"abcdefg"
    load r2,"abcdefg"
    sne r4,r1,r2
    call r0,expect_false(),r3
    say "Testing sne #2 ..."
    load r2,"abcdefh"
    sne r4,r1,r2
    call r0,expect_true(),r3
    say "Testing sne #3 ..."
    sne r4,r1,"abcdefg"
    call r0,expect_false(),r3
    say "Testing sne #4 ..."
    sne r4,r1,"abcdefgh"
    call r0,expect_true(),r3
    say "Testing sne #5 ..."
    sne r4,r1,"abcdefh"
    call r0,expect_true(),r3
    ret
