Start testing: Sep 15 22:23 UTC
----------------------------------------------------------
6/2526 Testing: crexx_contract_installed_consumer
6/2526 Test: crexx_contract_installed_consumer
Command: "/usr/local/bin/cmake" "-DCREXX_BUILD=/Users/runner/work/_temp/qualification" "-DCREXX_SOURCE=/Users/runner/work/CREXX/CREXX" "-DCONTRACT_TOOL_FILE_NAME=crexx-contract" "-DEXTERNAL_SOURCE=/Users/runner/work/CREXX/CREXX/contract/tests/external" "-DEXTERNAL_GOLDEN=/Users/runner/work/CREXX/CREXX/contract/tests/external/external_operation.rxcontract.json" "-DWORK=/Users/runner/work/_temp/qualification/contract/tests/installed-consumer" "-P" "/Users/runner/work/CREXX/CREXX/contract/tests/installed_consumer.cmake"
Directory: /Users/runner/work/_temp/qualification/contract/tests
"crexx_contract_installed_consumer" start time: Sep 15 22:23 UTC
Output:
----------------------------------------------------------
<end of output>
Test time =   6.54 sec
----------------------------------------------------------
Test Passed.
"crexx_contract_installed_consumer" end time: Sep 15 22:23 UTC
"crexx_contract_installed_consumer" time elapsed: 00:00:06
----------------------------------------------------------

2397/2526 Testing: rxpa_external_sdk_consumer
2397/2526 Test: rxpa_external_sdk_consumer
Command: "/usr/local/bin/cmake" "-DCREXX_BUILD_DIR=/Users/runner/work/_temp/qualification" "-DCREXX_VERSION=1.0.0-beta.3+nightly.g21666b6bcf0c" "-DCREXX_VERSION_CORE=1.0.0" "-DCREXX_VERSION_DISPLAY=crexx-1.0.0-beta.3+nightly.g21666b6bcf0c" "-DCREXX_SOURCE_DIR=/Users/runner/work/CREXX/CREXX" "-DCMAKE_GENERATOR_NAME=Ninja" "-DEXE_SUFFIX=" "-DSTATIC_SUFFIX=.a" "-DPACKAGE_RELATIVE_DIR=lib/cmake/CREXX" "-DCONSUMER_SOURCE_DIR=/Users/runner/work/CREXX/CREXX/tests/rxpa/external_sdk" "-DWORK_ROOT=/Users/runner/work/_temp/qualification/tests/rxpa/rxpa_external_sdk_consumer_ws" "-P" "/Users/runner/work/CREXX/CREXX/tests/rxpa/rxpa_external_sdk_consumer.cmake"
Directory: /Users/runner/work/_temp/qualification/tests/rxpa
"rxpa_external_sdk_consumer" start time: Sep 15 22:23 UTC
Output:
----------------------------------------------------------
-- CRI-07 scratch SDK manifest: /Users/runner/work/_temp/qualification/tests/rxpa/rxpa_external_sdk_consumer_ws/artifact-manifest.txt
<end of output>
Test time =  37.45 sec
----------------------------------------------------------
Test Passed.
"rxpa_external_sdk_consumer" end time: Sep 15 22:24 UTC
"rxpa_external_sdk_consumer" time elapsed: 00:00:37
----------------------------------------------------------

2406/2526 Testing: rcc_provider_package_names
2406/2526 Test: rcc_provider_package_names
Command: "/usr/local/bin/cmake" "-DPROVIDER_DIR=/Users/runner/work/_temp/qualification/tests/rxpa/providers" "-DPROVIDER_ID=rx_rcc_provider" "-DSTATIC_SUFFIX=.a" "-P" "/Users/runner/work/CREXX/CREXX/tests/rxpa/check_provider_package_names.cmake"
Directory: /Users/runner/work/_temp/qualification/tests/rxpa
"rcc_provider_package_names" start time: Sep 15 22:24 UTC
Output:
----------------------------------------------------------
<end of output>
Test time =   0.03 sec
----------------------------------------------------------
Test Passed.
"rcc_provider_package_names" end time: Sep 15 22:24 UTC
"rcc_provider_package_names" time elapsed: 00:00:00
----------------------------------------------------------

End testing: Sep 15 22:24 UTC

contract =   6.54 sec*proc

crexx-rag =  37.45 sec*proc

external-consumer =  43.99 sec*proc

hash =  37.45 sec*proc

install =  43.99 sec*proc

native =  37.45 sec*proc

package =  37.48 sec*proc

packed =  37.45 sec*proc

provider =   0.03 sec*proc

qualification =  44.01 sec*proc

rcc-5d =  37.45 sec*proc

rcc-5e =  37.45 sec*proc

rcc-5f =  37.45 sec*proc

rxpa =  37.48 sec*proc

sqlite =  37.45 sec*proc

stats =  37.45 sec*proc

vector =  37.45 sec*proc

