Start testing: Sep 16 08:11 UTC
----------------------------------------------------------
1/1 Testing: provider_package_copy
1/1 Test: provider_package_copy
Command: "/opt/hostedtoolcache/Python/3.12.14/x64/bin/python3.12" "/home/runner/work/CREXX/CREXX/tests/rxpa/provider-package-copy/check.py" "/home/runner/work/_temp/package-scan/input-Release.cmake" "/home/runner/work/CREXX/CREXX/rxpa/WriteProviderPackage.cmake" "/home/runner/work/_temp/package-scan/proof"
Directory: /home/runner/work/_temp/package-scan
"provider_package_copy" start time: Sep 16 08:11 UTC
Output:
----------------------------------------------------------
PASS: complete published package dependency control
PASS: missing published package dependency control
<end of output>
Test time =   2.60 sec
----------------------------------------------------------
Test Passed.
"provider_package_copy" end time: Sep 16 08:11 UTC
"provider_package_copy" time elapsed: 00:00:02
----------------------------------------------------------

End testing: Sep 16 08:11 UTC
